{"/Users/nirajshrivastava/Documents/anchor-studio/components/ChatBot.tsx": {"path":"/Users/nirajshrivastava/Documents/anchor-studio/components/ChatBot.tsx","statementMap":{"0":{"start":{"line":33,"column":0},"end":{"line":33,"column":24}},"1":{"start":{"line":3,"column":0},"end":{"line":3,"column":65}},"2":{"start":{"line":6,"column":20},"end":{"line":11,"column":2}},"3":{"start":{"line":13,"column":47},"end":{"line":23,"column":2}},"4":{"start":{"line":26,"column":12},"end":{"line":26,"column":30}},"5":{"start":{"line":27,"column":2},"end":{"line":29,"column":3}},"6":{"start":{"line":28,"column":4},"end":{"line":28,"column":41}},"7":{"start":{"line":28,"column":25},"end":{"line":28,"column":41}},"8":{"start":{"line":30,"column":2},"end":{"line":30,"column":200}},"9":{"start":{"line":34,"column":30},"end":{"line":34,"column":45}},"10":{"start":{"line":35,"column":34},"end":{"line":35,"column":57}},"11":{"start":{"line":36,"column":28},"end":{"line":36,"column":40}},"12":{"start":{"line":37,"column":36},"end":{"line":37,"column":51}},"13":{"start":{"line":38,"column":36},"end":{"line":38,"column":51}},"14":{"start":{"line":39,"column":48},"end":{"line":39,"column":62}},"15":{"start":{"line":40,"column":28},"end":{"line":40,"column":57}},"16":{"start":{"line":41,"column":25},"end":{"line":41,"column":53}},"17":{"start":{"line":42,"column":19},"end":{"line":42,"column":52}},"18":{"start":{"line":43,"column":23},"end":{"line":43,"column":51}},"19":{"start":{"line":45,"column":2},"end":{"line":48,"column":15}},"20":{"start":{"line":46,"column":14},"end":{"line":46,"column":74}},"21":{"start":{"line":46,"column":33},"end":{"line":46,"column":65}},"22":{"start":{"line":46,"column":46},"end":{"line":46,"column":65}},"23":{"start":{"line":47,"column":4},"end":{"line":47,"column":33}},"24":{"start":{"line":47,"column":17},"end":{"line":47,"column":32}},"25":{"start":{"line":50,"column":2},"end":{"line":52,"column":28}},"26":{"start":{"line":51,"column":4},"end":{"line":51,"column":67}},"27":{"start":{"line":55,"column":2},"end":{"line":63,"column":15}},"28":{"start":{"line":56,"column":25},"end":{"line":60,"column":5}},"29":{"start":{"line":57,"column":6},"end":{"line":59,"column":7}},"30":{"start":{"line":58,"column":8},"end":{"line":58,"column":25}},"31":{"start":{"line":61,"column":4},"end":{"line":61,"column":53}},"32":{"start":{"line":62,"column":4},"end":{"line":62,"column":69}},"33":{"start":{"line":62,"column":17},"end":{"line":62,"column":68}},"34":{"start":{"line":65,"column":21},"end":{"line":69,"column":3}},"35":{"start":{"line":66,"column":4},"end":{"line":66,"column":23}},"36":{"start":{"line":66,"column":19},"end":{"line":66,"column":21}},"37":{"start":{"line":67,"column":4},"end":{"line":67,"column":24}},"38":{"start":{"line":68,"column":4},"end":{"line":68,"column":66}},"39":{"start":{"line":68,"column":17},"end":{"line":68,"column":66}},"40":{"start":{"line":68,"column":34},"end":{"line":68,"column":61}},"41":{"start":{"line":71,"column":22},"end":{"line":110,"column":27}},"42":{"start":{"line":72,"column":4},"end":{"line":72,"column":42}},"43":{"start":{"line":72,"column":35},"end":{"line":72,"column":42}},"44":{"start":{"line":73,"column":4},"end":{"line":73,"column":30}},"45":{"start":{"line":74,"column":4},"end":{"line":74,"column":19}},"46":{"start":{"line":75,"column":29},"end":{"line":75,"column":67}},"47":{"start":{"line":76,"column":24},"end":{"line":76,"column":46}},"48":{"start":{"line":77,"column":4},"end":{"line":77,"column":29}},"49":{"start":{"line":78,"column":4},"end":{"line":78,"column":17}},"50":{"start":{"line":79,"column":4},"end":{"line":79,"column":23}},"51":{"start":{"line":81,"column":4},"end":{"line":109,"column":5}},"52":{"start":{"line":82,"column":18},"end":{"line":87,"column":8}},"53":{"start":{"line":89,"column":6},"end":{"line":91,"column":7}},"54":{"start":{"line":90,"column":8},"end":{"line":90,"column":52}},"55":{"start":{"line":93,"column":19},"end":{"line":93,"column":35}},"56":{"start":{"line":94,"column":6},"end":{"line":96,"column":7}},"57":{"start":{"line":95,"column":8},"end":{"line":95,"column":36}},"58":{"start":{"line":97,"column":20},"end":{"line":97,"column":55}},"59":{"start":{"line":98,"column":6},"end":{"line":98,"column":76}},"60":{"start":{"line":98,"column":26},"end":{"line":98,"column":74}},"61":{"start":{"line":100,"column":23},"end":{"line":100,"column":78}},"62":{"start":{"line":101,"column":6},"end":{"line":101,"column":45}},"63":{"start":{"line":104,"column":6},"end":{"line":104,"column":49}},"64":{"start":{"line":104,"column":29},"end":{"line":104,"column":47}},"65":{"start":{"line":105,"column":6},"end":{"line":105,"column":92}},"66":{"start":{"line":105,"column":26},"end":{"line":105,"column":90}},"67":{"start":{"line":106,"column":6},"end":{"line":106,"column":90}},"68":{"start":{"line":108,"column":6},"end":{"line":108,"column":26}},"69":{"start":{"line":112,"column":20},"end":{"line":117,"column":3}},"70":{"start":{"line":113,"column":4},"end":{"line":116,"column":5}},"71":{"start":{"line":114,"column":6},"end":{"line":114,"column":25}},"72":{"start":{"line":115,"column":6},"end":{"line":115,"column":25}},"73":{"start":{"line":119,"column":2},"end":{"line":253,"column":4}},"74":{"start":{"line":161,"column":14},"end":{"line":167,"column":null}},"75":{"start":{"line":163,"column":31},"end":{"line":163,"column":45}},"76":{"start":{"line":184,"column":12},"end":{"line":193,"column":null}},"77":{"start":{"line":201,"column":18},"end":{"line":201,"column":150}},"78":{"start":{"line":214,"column":27},"end":{"line":214,"column":51}},"79":{"start":{"line":223,"column":27},"end":{"line":223,"column":45}}},"fnMap":{"0":{"name":"getDemoResponse","decl":{"start":{"line":25,"column":9},"end":{"line":25,"column":24}},"loc":{"start":{"line":25,"column":37},"end":{"line":31,"column":1}}},"1":{"name":"ChatBot","decl":{"start":{"line":33,"column":24},"end":{"line":33,"column":31}},"loc":{"start":{"line":33,"column":31},"end":{"line":254,"column":1}}},"2":{"name":"(anonymous_2)","decl":{"start":{"line":45,"column":12},"end":{"line":45,"column":15}},"loc":{"start":{"line":45,"column":17},"end":{"line":48,"column":3}}},"3":{"name":"(anonymous_3)","decl":{"start":{"line":46,"column":25},"end":{"line":46,"column":28}},"loc":{"start":{"line":46,"column":30},"end":{"line":46,"column":67}}},"4":{"name":"(anonymous_4)","decl":{"start":{"line":47,"column":11},"end":{"line":47,"column":14}},"loc":{"start":{"line":47,"column":17},"end":{"line":47,"column":32}}},"5":{"name":"(anonymous_5)","decl":{"start":{"line":50,"column":12},"end":{"line":50,"column":15}},"loc":{"start":{"line":50,"column":17},"end":{"line":52,"column":3}}},"6":{"name":"(anonymous_6)","decl":{"start":{"line":55,"column":12},"end":{"line":55,"column":15}},"loc":{"start":{"line":55,"column":17},"end":{"line":63,"column":3}}},"7":{"name":"(anonymous_7)","decl":{"start":{"line":56,"column":25},"end":{"line":56,"column":26}},"loc":{"start":{"line":56,"column":46},"end":{"line":60,"column":5}}},"8":{"name":"(anonymous_8)","decl":{"start":{"line":62,"column":11},"end":{"line":62,"column":14}},"loc":{"start":{"line":62,"column":17},"end":{"line":62,"column":68}}},"9":{"name":"(anonymous_9)","decl":{"start":{"line":65,"column":21},"end":{"line":65,"column":24}},"loc":{"start":{"line":65,"column":26},"end":{"line":69,"column":3}}},"10":{"name":"(anonymous_10)","decl":{"start":{"line":66,"column":14},"end":{"line":66,"column":15}},"loc":{"start":{"line":66,"column":19},"end":{"line":66,"column":21}}},"11":{"name":"(anonymous_11)","decl":{"start":{"line":68,"column":28},"end":{"line":68,"column":31}},"loc":{"start":{"line":68,"column":33},"end":{"line":68,"column":61}}},"12":{"name":"(anonymous_12)","decl":{"start":{"line":71,"column":34},"end":{"line":71,"column":39}},"loc":{"start":{"line":71,"column":57},"end":{"line":110,"column":3}}},"13":{"name":"(anonymous_13)","decl":{"start":{"line":98,"column":18},"end":{"line":98,"column":22}},"loc":{"start":{"line":98,"column":26},"end":{"line":98,"column":74}}},"14":{"name":"(anonymous_14)","decl":{"start":{"line":104,"column":24},"end":{"line":104,"column":25}},"loc":{"start":{"line":104,"column":29},"end":{"line":104,"column":47}}},"15":{"name":"(anonymous_15)","decl":{"start":{"line":105,"column":18},"end":{"line":105,"column":22}},"loc":{"start":{"line":105,"column":26},"end":{"line":105,"column":90}}},"16":{"name":"(anonymous_16)","decl":{"start":{"line":112,"column":20},"end":{"line":112,"column":21}},"loc":{"start":{"line":112,"column":47},"end":{"line":117,"column":3}}},"17":{"name":"(anonymous_17)","decl":{"start":{"line":160,"column":29},"end":{"line":160,"column":30}},"loc":{"start":{"line":161,"column":14},"end":{"line":167,"column":null}}},"18":{"name":"(anonymous_18)","decl":{"start":{"line":163,"column":25},"end":{"line":163,"column":28}},"loc":{"start":{"line":163,"column":31},"end":{"line":163,"column":45}}},"19":{"name":"(anonymous_19)","decl":{"start":{"line":183,"column":24},"end":{"line":183,"column":25}},"loc":{"start":{"line":184,"column":12},"end":{"line":193,"column":null}}},"20":{"name":"(anonymous_20)","decl":{"start":{"line":200,"column":31},"end":{"line":200,"column":32}},"loc":{"start":{"line":201,"column":18},"end":{"line":201,"column":150}}},"21":{"name":"(anonymous_21)","decl":{"start":{"line":214,"column":22},"end":{"line":214,"column":23}},"loc":{"start":{"line":214,"column":27},"end":{"line":214,"column":51}}},"22":{"name":"(anonymous_22)","decl":{"start":{"line":223,"column":21},"end":{"line":223,"column":24}},"loc":{"start":{"line":223,"column":27},"end":{"line":223,"column":45}}}},"branchMap":{"0":{"loc":{"start":{"line":28,"column":4},"end":{"line":28,"column":41}},"type":"if","locations":[{"start":{"line":28,"column":4},"end":{"line":28,"column":41}}]},"1":{"loc":{"start":{"line":46,"column":33},"end":{"line":46,"column":65}},"type":"if","locations":[{"start":{"line":46,"column":33},"end":{"line":46,"column":65}}]},"2":{"loc":{"start":{"line":51,"column":4},"end":{"line":51,"column":66}},"type":"cond-expr","locations":[{"start":{"line":51,"column":26},"end":{"line":51,"column":28}},{"start":{"line":51,"column":26},"end":{"line":51,"column":66}}]},"3":{"loc":{"start":{"line":51,"column":4},"end":{"line":51,"column":28}},"type":"binary-expr","locations":[{"start":{"line":51,"column":4},"end":{"line":51,"column":28}},{"start":{"line":51,"column":26},"end":{"line":51,"column":28}}]},"4":{"loc":{"start":{"line":57,"column":6},"end":{"line":59,"column":7}},"type":"if","locations":[{"start":{"line":57,"column":6},"end":{"line":59,"column":7}}]},"5":{"loc":{"start":{"line":57,"column":10},"end":{"line":57,"column":38}},"type":"binary-expr","locations":[{"start":{"line":57,"column":10},"end":{"line":57,"column":28}},{"start":{"line":57,"column":32},"end":{"line":57,"column":38}}]},"6":{"loc":{"start":{"line":68,"column":4},"end":{"line":68,"column":66}},"type":"if","locations":[{"start":{"line":68,"column":4},"end":{"line":68,"column":66}}]},"7":{"loc":{"start":{"line":68,"column":34},"end":{"line":68,"column":59}},"type":"cond-expr","locations":[{"start":{"line":68,"column":50},"end":{"line":68,"column":52}},{"start":{"line":68,"column":50},"end":{"line":68,"column":59}}]},"8":{"loc":{"start":{"line":68,"column":34},"end":{"line":68,"column":52}},"type":"binary-expr","locations":[{"start":{"line":68,"column":34},"end":{"line":68,"column":52}},{"start":{"line":68,"column":50},"end":{"line":68,"column":52}}]},"9":{"loc":{"start":{"line":72,"column":4},"end":{"line":72,"column":42}},"type":"if","locations":[{"start":{"line":72,"column":4},"end":{"line":72,"column":42}}]},"10":{"loc":{"start":{"line":72,"column":8},"end":{"line":72,"column":33}},"type":"binary-expr","locations":[{"start":{"line":72,"column":8},"end":{"line":72,"column":20}},{"start":{"line":72,"column":24},"end":{"line":72,"column":33}}]},"11":{"loc":{"start":{"line":89,"column":6},"end":{"line":91,"column":7}},"type":"if","locations":[{"start":{"line":89,"column":6},"end":{"line":91,"column":7}}]},"12":{"loc":{"start":{"line":94,"column":6},"end":{"line":96,"column":7}},"type":"if","locations":[{"start":{"line":94,"column":6},"end":{"line":96,"column":7}}]},"13":{"loc":{"start":{"line":94,"column":10},"end":{"line":94,"column":35}},"type":"binary-expr","locations":[{"start":{"line":94,"column":10},"end":{"line":94,"column":20}},{"start":{"line":94,"column":24},"end":{"line":94,"column":35}}]},"14":{"loc":{"start":{"line":97,"column":20},"end":{"line":97,"column":55}},"type":"cond-expr","locations":[{"start":{"line":97,"column":30},"end":{"line":97,"column":34}},{"start":{"line":97,"column":34},"end":{"line":97,"column":55}}]},"15":{"loc":{"start":{"line":97,"column":20},"end":{"line":97,"column":34}},"type":"binary-expr","locations":[{"start":{"line":97,"column":20},"end":{"line":97,"column":34}},{"start":{"line":97,"column":30},"end":{"line":97,"column":34}}]},"16":{"loc":{"start":{"line":100,"column":23},"end":{"line":100,"column":78}},"type":"cond-expr","locations":[{"start":{"line":100,"column":46},"end":{"line":100,"column":57}},{"start":{"line":100,"column":60},"end":{"line":100,"column":78}}]},"17":{"loc":{"start":{"line":113,"column":4},"end":{"line":116,"column":5}},"type":"if","locations":[{"start":{"line":113,"column":4},"end":{"line":116,"column":5}}]},"18":{"loc":{"start":{"line":113,"column":8},"end":{"line":113,"column":40}},"type":"binary-expr","locations":[{"start":{"line":113,"column":8},"end":{"line":113,"column":25}},{"start":{"line":113,"column":29},"end":{"line":113,"column":40}}]},"19":{"loc":{"start":{"line":124,"column":165},"end":{"line":124,"column":260}},"type":"cond-expr","locations":[{"start":{"line":124,"column":174},"end":{"line":124,"column":217}},{"start":{"line":124,"column":220},"end":{"line":124,"column":260}}]},"20":{"loc":{"start":{"line":150,"column":9},"end":{"line":154,"column":null}},"type":"binary-expr","locations":[{"start":{"line":150,"column":9},"end":{"line":150,"column":14}},{"start":{"line":151,"column":10},"end":{"line":153,"column":null}}]},"21":{"loc":{"start":{"line":158,"column":9},"end":{"line":170,"column":null}},"type":"binary-expr","locations":[{"start":{"line":158,"column":9},"end":{"line":158,"column":24}},{"start":{"line":159,"column":10},"end":{"line":169,"column":null}}]},"22":{"loc":{"start":{"line":175,"column":11},"end":{"line":181,"column":null}},"type":"binary-expr","locations":[{"start":{"line":175,"column":11},"end":{"line":175,"column":32}},{"start":{"line":176,"column":12},"end":{"line":180,"column":null}}]},"23":{"loc":{"start":{"line":184,"column":60},"end":{"line":184,"column":103}},"type":"cond-expr","locations":[{"start":{"line":184,"column":80},"end":{"line":184,"column":98}},{"start":{"line":184,"column":101},"end":{"line":184,"column":103}}]},"24":{"loc":{"start":{"line":186,"column":137},"end":{"line":186,"column":179}},"type":"cond-expr","locations":[{"start":{"line":186,"column":157},"end":{"line":186,"column":167}},{"start":{"line":186,"column":170},"end":{"line":186,"column":179}}]},"25":{"loc":{"start":{"line":189,"column":17},"end":{"line":189,"column":49}},"type":"cond-expr","locations":[{"start":{"line":189,"column":37},"end":{"line":189,"column":42}},{"start":{"line":189,"column":45},"end":{"line":189,"column":49}}]},"26":{"loc":{"start":{"line":191,"column":98},"end":{"line":191,"column":182}},"type":"cond-expr","locations":[{"start":{"line":191,"column":118},"end":{"line":191,"column":150}},{"start":{"line":191,"column":153},"end":{"line":191,"column":182}}]},"27":{"loc":{"start":{"line":196,"column":11},"end":{"line":204,"column":null}},"type":"binary-expr","locations":[{"start":{"line":196,"column":11},"end":{"line":196,"column":20}},{"start":{"line":197,"column":12},"end":{"line":203,"column":null}}]},"28":{"loc":{"start":{"line":224,"column":22},"end":{"line":224,"column":48}},"type":"binary-expr","locations":[{"start":{"line":224,"column":22},"end":{"line":224,"column":31}},{"start":{"line":224,"column":35},"end":{"line":224,"column":48}}]},"29":{"loc":{"start":{"line":243,"column":9},"end":{"line":246,"column":null}},"type":"cond-expr","locations":[{"start":{"line":244,"column":10},"end":{"line":244,"column":203}},{"start":{"line":246,"column":10},"end":{"line":246,"column":225}}]},"30":{"loc":{"start":{"line":248,"column":9},"end":{"line":249,"column":null}},"type":"binary-expr","locations":[{"start":{"line":248,"column":9},"end":{"line":248,"column":18}},{"start":{"line":248,"column":22},"end":{"line":248,"column":29}},{"start":{"line":249,"column":10},"end":{"line":249,"column":199}}]}},"s":{"0":0,"1":0,"2":0,"3":0,"4":0,"5":0,"6":0,"7":0,"8":0,"9":0,"10":0,"11":0,"12":0,"13":0,"14":0,"15":0,"16":0,"17":0,"18":0,"19":0,"20":0,"21":0,"22":0,"23":0,"24":0,"25":0,"26":0,"27":0,"28":0,"29":0,"30":0,"31":0,"32":0,"33":0,"34":0,"35":0,"36":0,"37":0,"38":0,"39":0,"40":0,"41":0,"42":0,"43":0,"44":0,"45":0,"46":0,"47":0,"48":0,"49":0,"50":0,"51":0,"52":0,"53":0,"54":0,"55":0,"56":0,"57":0,"58":0,"59":0,"60":0,"61":0,"62":0,"63":0,"64":0,"65":0,"66":0,"67":0,"68":0,"69":0,"70":0,"71":0,"72":0,"73":0,"74":0,"75":0,"76":0,"77":0,"78":0,"79":0},"f":{"0":0,"1":0,"2":0,"3":0,"4":0,"5":0,"6":0,"7":0,"8":0,"9":0,"10":0,"11":0,"12":0,"13":0,"14":0,"15":0,"16":0,"17":0,"18":0,"19":0,"20":0,"21":0,"22":0},"b":{"0":[0],"1":[0],"2":[0,0],"3":[0,0],"4":[0],"5":[0,0],"6":[0],"7":[0,0],"8":[0,0],"9":[0],"10":[0,0],"11":[0],"12":[0],"13":[0,0],"14":[0,0],"15":[0,0],"16":[0,0],"17":[0],"18":[0,0],"19":[0,0],"20":[0,0],"21":[0,0],"22":[0,0],"23":[0,0],"24":[0,0],"25":[0,0],"26":[0,0],"27":[0,0],"28":[0,0],"29":[0,0],"30":[0,0,0]}}
,"/Users/nirajshrivastava/Documents/anchor-studio/components/ErrorBoundary.tsx": {"path":"/Users/nirajshrivastava/Documents/anchor-studio/components/ErrorBoundary.tsx","statementMap":{"0":{"start":{"line":3,"column":0},"end":{"line":3,"column":52}},"1":{"start":{"line":16,"column":4},"end":{"line":16,"column":17}},"2":{"start":{"line":17,"column":4},"end":{"line":17,"column":50}},"3":{"start":{"line":21,"column":4},"end":{"line":21,"column":37}},"4":{"start":{"line":25,"column":4},"end":{"line":25,"column":65}},"5":{"start":{"line":30,"column":4},"end":{"line":45,"column":5}},"6":{"start":{"line":31,"column":6},"end":{"line":44,"column":8}},"7":{"start":{"line":47,"column":4},"end":{"line":47,"column":31}},"8":{"start":{"line":14,"column":0},"end":{"line":14,"column":21}}},"fnMap":{"0":{"name":"(anonymous_1)","decl":{"start":{"line":15,"column":2},"end":{"line":15,"column":14}},"loc":{"start":{"line":15,"column":26},"end":{"line":18,"column":3}}},"1":{"name":"(anonymous_2)","decl":{"start":{"line":20,"column":2},"end":{"line":20,"column":8}},"loc":{"start":{"line":20,"column":46},"end":{"line":22,"column":3}}},"2":{"name":"(anonymous_3)","decl":{"start":{"line":24,"column":2},"end":{"line":24,"column":19}},"loc":{"start":{"line":24,"column":54},"end":{"line":27,"column":3}}},"3":{"name":"(anonymous_4)","decl":{"start":{"line":29,"column":2},"end":{"line":29,"column":8}},"loc":{"start":{"line":29,"column":8},"end":{"line":48,"column":3}}}},"branchMap":{"0":{"loc":{"start":{"line":30,"column":4},"end":{"line":45,"column":5}},"type":"if","locations":[{"start":{"line":30,"column":4},"end":{"line":45,"column":5}}]},"1":{"loc":{"start":{"line":40,"column":15},"end":{"line":40,"column":40}},"type":"cond-expr","locations":[{"start":{"line":40,"column":31},"end":{"line":40,"column":33}},{"start":{"line":40,"column":31},"end":{"line":40,"column":40}}]},"2":{"loc":{"start":{"line":40,"column":15},"end":{"line":40,"column":33}},"type":"binary-expr","locations":[{"start":{"line":40,"column":15},"end":{"line":40,"column":33}},{"start":{"line":40,"column":31},"end":{"line":40,"column":33}}]}},"s":{"0":1,"1":6,"2":5,"3":4,"4":2,"5":9,"6":4,"7":5,"8":1},"f":{"0":6,"1":4,"2":2,"3":9},"b":{"0":[4],"1":[0,4],"2":[4,4]}}
,"/Users/nirajshrivastava/Documents/anchor-studio/components/Footer.tsx": {"path":"/Users/nirajshrivastava/Documents/anchor-studio/components/Footer.tsx","statementMap":{"0":{"start":{"line":4,"column":0},"end":{"line":4,"column":24}},"1":{"start":{"line":1,"column":0},"end":{"line":1,"column":29}},"2":{"start":{"line":2,"column":0},"end":{"line":2,"column":36}},"3":{"start":{"line":5,"column":2},"end":{"line":29,"column":4}},"4":{"start":{"line":17,"column":10},"end":{"line":18,"column":null}}},"fnMap":{"0":{"name":"Footer","decl":{"start":{"line":4,"column":24},"end":{"line":4,"column":30}},"loc":{"start":{"line":4,"column":30},"end":{"line":30,"column":1}}},"1":{"name":"(anonymous_2)","decl":{"start":{"line":16,"column":14},"end":{"line":16,"column":15}},"loc":{"start":{"line":17,"column":10},"end":{"line":18,"column":null}}}},"branchMap":{},"s":{"0":0,"1":0,"2":0,"3":0,"4":0},"f":{"0":0,"1":0},"b":{}}
,"/Users/nirajshrivastava/Documents/anchor-studio/components/FounderStrip.tsx": {"path":"/Users/nirajshrivastava/Documents/anchor-studio/components/FounderStrip.tsx","statementMap":{"0":{"start":{"line":3,"column":0},"end":{"line":3,"column":24}},"1":{"start":{"line":1,"column":0},"end":{"line":1,"column":39}},"2":{"start":{"line":4,"column":2},"end":{"line":34,"column":4}},"3":{"start":{"line":22,"column":14},"end":{"line":26,"column":null}}},"fnMap":{"0":{"name":"FounderStrip","decl":{"start":{"line":3,"column":24},"end":{"line":3,"column":36}},"loc":{"start":{"line":3,"column":36},"end":{"line":35,"column":1}}},"1":{"name":"(anonymous_1)","decl":{"start":{"line":21,"column":31},"end":{"line":21,"column":35}},"loc":{"start":{"line":22,"column":14},"end":{"line":26,"column":null}}}},"branchMap":{},"s":{"0":0,"1":0,"2":0,"3":0},"f":{"0":0,"1":0},"b":{}}
,"/Users/nirajshrivastava/Documents/anchor-studio/components/Nav.tsx": {"path":"/Users/nirajshrivastava/Documents/anchor-studio/components/Nav.tsx","statementMap":{"0":{"start":{"line":4,"column":0},"end":{"line":4,"column":24}},"1":{"start":{"line":1,"column":0},"end":{"line":1,"column":29}},"2":{"start":{"line":2,"column":0},"end":{"line":2,"column":36}},"3":{"start":{"line":5,"column":2},"end":{"line":25,"column":4}}},"fnMap":{"0":{"name":"Nav","decl":{"start":{"line":4,"column":24},"end":{"line":4,"column":27}},"loc":{"start":{"line":4,"column":27},"end":{"line":26,"column":1}}}},"branchMap":{},"s":{"0":0,"1":0,"2":0,"3":0},"f":{"0":0},"b":{}}
,"/Users/nirajshrivastava/Documents/anchor-studio/lib/anthropic.ts": {"path":"/Users/nirajshrivastava/Documents/anchor-studio/lib/anthropic.ts","statementMap":{"0":{"start":{"line":43,"column":0},"end":{"line":43,"column":7}},"1":{"start":{"line":64,"column":0},"end":{"line":64,"column":7}},"2":{"start":{"line":1,"column":0},"end":{"line":1,"column":42}},"3":{"start":{"line":5,"column":18},"end":{"line":7,"column":2}},"4":{"start":{"line":10,"column":13},"end":{"line":15,"column":11}},"5":{"start":{"line":18,"column":13},"end":{"line":40,"column":146}},"6":{"start":{"line":49,"column":19},"end":{"line":54,"column":4}},"7":{"start":{"line":56,"column":16},"end":{"line":56,"column":35}},"8":{"start":{"line":57,"column":2},"end":{"line":59,"column":3}},"9":{"start":{"line":58,"column":4},"end":{"line":58,"column":60}},"10":{"start":{"line":60,"column":2},"end":{"line":60,"column":20}},"11":{"start":{"line":69,"column":19},"end":{"line":74,"column":4}},"12":{"start":{"line":76,"column":16},"end":{"line":76,"column":35}},"13":{"start":{"line":77,"column":2},"end":{"line":79,"column":3}},"14":{"start":{"line":78,"column":4},"end":{"line":78,"column":60}},"15":{"start":{"line":80,"column":2},"end":{"line":80,"column":20}}},"fnMap":{"0":{"name":"chat","decl":{"start":{"line":43,"column":22},"end":{"line":43,"column":26}},"loc":{"start":{"line":47,"column":25},"end":{"line":61,"column":1}}},"1":{"name":"generateContent","decl":{"start":{"line":64,"column":22},"end":{"line":64,"column":37}},"loc":{"start":{"line":67,"column":25},"end":{"line":81,"column":1}}}},"branchMap":{"0":{"loc":{"start":{"line":45,"column":2},"end":{"line":45,"column":39}},"type":"default-arg","locations":[{"start":{"line":45,"column":19},"end":{"line":45,"column":39}}]},"1":{"loc":{"start":{"line":46,"column":2},"end":{"line":46,"column":30}},"type":"default-arg","locations":[{"start":{"line":46,"column":18},"end":{"line":46,"column":30}}]},"2":{"loc":{"start":{"line":47,"column":2},"end":{"line":47,"column":25}},"type":"default-arg","locations":[{"start":{"line":47,"column":22},"end":{"line":47,"column":25}}]},"3":{"loc":{"start":{"line":57,"column":2},"end":{"line":59,"column":3}},"type":"if","locations":[{"start":{"line":57,"column":2},"end":{"line":59,"column":3}}]},"4":{"loc":{"start":{"line":67,"column":2},"end":{"line":67,"column":25}},"type":"default-arg","locations":[{"start":{"line":67,"column":22},"end":{"line":67,"column":25}}]},"5":{"loc":{"start":{"line":77,"column":2},"end":{"line":79,"column":3}},"type":"if","locations":[{"start":{"line":77,"column":2},"end":{"line":79,"column":3}}]}},"s":{"0":0,"1":0,"2":0,"3":0,"4":0,"5":0,"6":0,"7":0,"8":0,"9":0,"10":0,"11":0,"12":0,"13":0,"14":0,"15":0},"f":{"0":0,"1":0},"b":{"0":[0],"1":[0],"2":[0],"3":[0],"4":[0],"5":[0]}}
,"/Users/nirajshrivastava/Documents/anchor-studio/lib/chess-hub.ts": {"path":"/Users/nirajshrivastava/Documents/anchor-studio/lib/chess-hub.ts","statementMap":{"0":{"start":{"line":35,"column":0},"end":{"line":35,"column":7}},"1":{"start":{"line":55,"column":0},"end":{"line":55,"column":7}},"2":{"start":{"line":73,"column":0},"end":{"line":73,"column":7}},"3":{"start":{"line":106,"column":0},"end":{"line":106,"column":7}},"4":{"start":{"line":122,"column":0},"end":{"line":122,"column":7}},"5":{"start":{"line":1,"column":0},"end":{"line":1,"column":50}},"6":{"start":{"line":5,"column":59},"end":{"line":32,"column":2}},"7":{"start":{"line":38,"column":17},"end":{"line":49,"column":32}},"8":{"start":{"line":46,"column":12},"end":{"line":46,"column":82}},"9":{"start":{"line":51,"column":2},"end":{"line":51,"column":67}},"10":{"start":{"line":56,"column":17},"end":{"line":67,"column":95}},"11":{"start":{"line":69,"column":2},"end":{"line":69,"column":81}},"12":{"start":{"line":78,"column":20},"end":{"line":82,"column":8}},"13":{"start":{"line":79,"column":4},"end":{"line":79,"column":71}},"14":{"start":{"line":79,"column":30},"end":{"line":79,"column":69}},"15":{"start":{"line":80,"column":4},"end":{"line":80,"column":71}},"16":{"start":{"line":80,"column":30},"end":{"line":80,"column":69}},"17":{"start":{"line":81,"column":4},"end":{"line":81,"column":15}},"18":{"start":{"line":84,"column":17},"end":{"line":100,"column":41}},"19":{"start":{"line":90,"column":26},"end":{"line":90,"column":31}},"20":{"start":{"line":91,"column":29},"end":{"line":91,"column":60}},"21":{"start":{"line":97,"column":12},"end":{"line":97,"column":53}},"22":{"start":{"line":102,"column":2},"end":{"line":102,"column":76}},"23":{"start":{"line":110,"column":17},"end":{"line":116,"column":48}},"24":{"start":{"line":118,"column":2},"end":{"line":118,"column":76}},"25":{"start":{"line":127,"column":17},"end":{"line":134,"column":50}},"26":{"start":{"line":136,"column":2},"end":{"line":136,"column":68}}},"fnMap":{"0":{"name":"generateNewsletter","decl":{"start":{"line":35,"column":22},"end":{"line":35,"column":40}},"loc":{"start":{"line":36,"column":18},"end":{"line":52,"column":1}}},"1":{"name":"(anonymous_1)","decl":{"start":{"line":46,"column":7},"end":{"line":46,"column":8}},"loc":{"start":{"line":46,"column":11},"end":{"line":46,"column":82}}},"2":{"name":"annotateGame","decl":{"start":{"line":55,"column":22},"end":{"line":55,"column":34}},"loc":{"start":{"line":55,"column":50},"end":{"line":70,"column":1}}},"3":{"name":"generateTournamentRecap","decl":{"start":{"line":73,"column":22},"end":{"line":73,"column":45}},"loc":{"start":{"line":76,"column":16},"end":{"line":103,"column":1}}},"4":{"name":"(anonymous_4)","decl":{"start":{"line":78,"column":57},"end":{"line":78,"column":58}},"loc":{"start":{"line":78,"column":68},"end":{"line":82,"column":3}}},"5":{"name":"(anonymous_5)","decl":{"start":{"line":90,"column":8},"end":{"line":90,"column":9}},"loc":{"start":{"line":90,"column":26},"end":{"line":90,"column":31}}},"6":{"name":"(anonymous_6)","decl":{"start":{"line":91,"column":7},"end":{"line":91,"column":8}},"loc":{"start":{"line":91,"column":29},"end":{"line":91,"column":60}}},"7":{"name":"(anonymous_7)","decl":{"start":{"line":97,"column":7},"end":{"line":97,"column":8}},"loc":{"start":{"line":97,"column":12},"end":{"line":97,"column":53}}},"8":{"name":"generateSocialPost","decl":{"start":{"line":106,"column":22},"end":{"line":106,"column":40}},"loc":{"start":{"line":108,"column":17},"end":{"line":119,"column":1}}},"9":{"name":"generateLesson","decl":{"start":{"line":122,"column":22},"end":{"line":122,"column":36}},"loc":{"start":{"line":125,"column":18},"end":{"line":137,"column":1}}}},"branchMap":{"0":{"loc":{"start":{"line":46,"column":56},"end":{"line":46,"column":78}},"type":"cond-expr","locations":[{"start":{"line":46,"column":63},"end":{"line":46,"column":67}},{"start":{"line":46,"column":67},"end":{"line":46,"column":78}}]},"1":{"loc":{"start":{"line":46,"column":56},"end":{"line":46,"column":67}},"type":"binary-expr","locations":[{"start":{"line":46,"column":56},"end":{"line":46,"column":67}},{"start":{"line":46,"column":63},"end":{"line":46,"column":67}}]},"2":{"loc":{"start":{"line":62,"column":2},"end":{"line":62,"column":42}},"type":"cond-expr","locations":[{"start":{"line":62,"column":15},"end":{"line":62,"column":37}},{"start":{"line":62,"column":40},"end":{"line":62,"column":42}}]},"3":{"loc":{"start":{"line":79,"column":4},"end":{"line":79,"column":71}},"type":"if","locations":[{"start":{"line":79,"column":4},"end":{"line":79,"column":71}}]},"4":{"loc":{"start":{"line":79,"column":46},"end":{"line":79,"column":63}},"type":"cond-expr","locations":[{"start":{"line":79,"column":58},"end":{"line":79,"column":62}},{"start":{"line":79,"column":62},"end":{"line":79,"column":63}}]},"5":{"loc":{"start":{"line":79,"column":46},"end":{"line":79,"column":62}},"type":"binary-expr","locations":[{"start":{"line":79,"column":46},"end":{"line":79,"column":62}},{"start":{"line":79,"column":58},"end":{"line":79,"column":62}}]},"6":{"loc":{"start":{"line":80,"column":4},"end":{"line":80,"column":71}},"type":"if","locations":[{"start":{"line":80,"column":4},"end":{"line":80,"column":71}}]},"7":{"loc":{"start":{"line":80,"column":46},"end":{"line":80,"column":63}},"type":"cond-expr","locations":[{"start":{"line":80,"column":58},"end":{"line":80,"column":62}},{"start":{"line":80,"column":62},"end":{"line":80,"column":63}}]},"8":{"loc":{"start":{"line":80,"column":46},"end":{"line":80,"column":62}},"type":"binary-expr","locations":[{"start":{"line":80,"column":46},"end":{"line":80,"column":62}},{"start":{"line":80,"column":58},"end":{"line":80,"column":62}}]},"9":{"loc":{"start":{"line":113,"column":2},"end":{"line":113,"column":42}},"type":"cond-expr","locations":[{"start":{"line":113,"column":15},"end":{"line":113,"column":37}},{"start":{"line":113,"column":40},"end":{"line":113,"column":42}}]},"10":{"loc":{"start":{"line":130,"column":21},"end":{"line":130,"column":45}},"type":"cond-expr","locations":[{"start":{"line":130,"column":37},"end":{"line":130,"column":40}},{"start":{"line":130,"column":43},"end":{"line":130,"column":45}}]},"11":{"loc":{"start":{"line":130,"column":81},"end":{"line":130,"column":114}},"type":"cond-expr","locations":[{"start":{"line":130,"column":97},"end":{"line":130,"column":104}},{"start":{"line":130,"column":107},"end":{"line":130,"column":114}}]}},"s":{"0":0,"1":0,"2":0,"3":0,"4":0,"5":0,"6":0,"7":0,"8":0,"9":0,"10":0,"11":0,"12":0,"13":0,"14":0,"15":0,"16":0,"17":0,"18":0,"19":0,"20":0,"21":0,"22":0,"23":0,"24":0,"25":0,"26":0},"f":{"0":0,"1":0,"2":0,"3":0,"4":0,"5":0,"6":0,"7":0,"8":0,"9":0},"b":{"0":[0,0],"1":[0,0],"2":[0,0],"3":[0],"4":[0,0],"5":[0,0],"6":[0],"7":[0,0],"8":[0,0],"9":[0,0],"10":[0,0],"11":[0,0]}}
,"/Users/nirajshrivastava/Documents/anchor-studio/lib/config.ts": {"path":"/Users/nirajshrivastava/Documents/anchor-studio/lib/config.ts","statementMap":{"0":{"start":{"line":3,"column":13},"end":{"line":10,"column":11}},"1":{"start":{"line":12,"column":13},"end":{"line":24,"column":11}},"2":{"start":{"line":26,"column":13},"end":{"line":33,"column":2}},"3":{"start":{"line":35,"column":13},"end":{"line":69,"column":2}},"4":{"start":{"line":71,"column":13},"end":{"line":78,"column":11}},"5":{"start":{"line":80,"column":13},"end":{"line":85,"column":11}},"6":{"start":{"line":87,"column":13},"end":{"line":94,"column":11}}},"fnMap":{},"branchMap":{"0":{"loc":{"start":{"line":9,"column":15},"end":{"line":9,"column":77}},"type":"cond-expr","locations":[{"start":{"line":9,"column":51},"end":{"line":9,"column":55}},{"start":{"line":9,"column":55},"end":{"line":9,"column":77}}]},"1":{"loc":{"start":{"line":9,"column":15},"end":{"line":9,"column":55}},"type":"binary-expr","locations":[{"start":{"line":9,"column":15},"end":{"line":9,"column":55}},{"start":{"line":9,"column":51},"end":{"line":9,"column":55}}]}},"s":{"0":0,"1":0,"2":0,"3":0,"4":0,"5":0,"6":0},"f":{},"b":{"0":[0,0],"1":[0,0]}}
,"/Users/nirajshrivastava/Documents/anchor-studio/lib/security.ts": {"path":"/Users/nirajshrivastava/Documents/anchor-studio/lib/security.ts","statementMap":{"0":{"start":{"line":8,"column":0},"end":{"line":8,"column":16}},"1":{"start":{"line":14,"column":0},"end":{"line":14,"column":16}},"2":{"start":{"line":32,"column":0},"end":{"line":32,"column":16}},"3":{"start":{"line":40,"column":0},"end":{"line":40,"column":16}},"4":{"start":{"line":46,"column":0},"end":{"line":46,"column":16}},"5":{"start":{"line":59,"column":0},"end":{"line":59,"column":16}},"6":{"start":{"line":76,"column":0},"end":{"line":76,"column":16}},"7":{"start":{"line":4,"column":74},"end":{"line":4,"column":83}},"8":{"start":{"line":5,"column":26},"end":{"line":5,"column":35}},"9":{"start":{"line":6,"column":32},"end":{"line":6,"column":34}},"10":{"start":{"line":9,"column":2},"end":{"line":11,"column":19}},"11":{"start":{"line":15,"column":14},"end":{"line":15,"column":24}},"12":{"start":{"line":16,"column":19},"end":{"line":16,"column":42}},"13":{"start":{"line":18,"column":2},"end":{"line":21,"column":3}},"14":{"start":{"line":19,"column":4},"end":{"line":19,"column":78}},"15":{"start":{"line":20,"column":4},"end":{"line":20,"column":16}},"16":{"start":{"line":23,"column":2},"end":{"line":25,"column":3}},"17":{"start":{"line":24,"column":4},"end":{"line":24,"column":17}},"18":{"start":{"line":27,"column":2},"end":{"line":27,"column":19}},"19":{"start":{"line":28,"column":2},"end":{"line":28,"column":14}},"20":{"start":{"line":34,"column":2},"end":{"line":37,"column":24}},"21":{"start":{"line":41,"column":21},"end":{"line":41,"column":49}},"22":{"start":{"line":42,"column":2},"end":{"line":42,"column":55}},"23":{"start":{"line":47,"column":17},"end":{"line":47,"column":86}},"24":{"start":{"line":49,"column":2},"end":{"line":49,"column":60}},"25":{"start":{"line":50,"column":2},"end":{"line":50,"column":55}},"26":{"start":{"line":51,"column":2},"end":{"line":51,"column":85}},"27":{"start":{"line":52,"column":2},"end":{"line":55,"column":4}},"28":{"start":{"line":61,"column":2},"end":{"line":61,"column":53}},"29":{"start":{"line":63,"column":2},"end":{"line":63,"column":53}},"30":{"start":{"line":65,"column":2},"end":{"line":65,"column":49}},"31":{"start":{"line":67,"column":2},"end":{"line":70,"column":4}},"32":{"start":{"line":72,"column":2},"end":{"line":72,"column":70}},"33":{"start":{"line":77,"column":24},"end":{"line":77,"column":74}},"34":{"start":{"line":78,"column":18},"end":{"line":78,"column":28}},"35":{"start":{"line":79,"column":2},"end":{"line":79,"column":34}}},"fnMap":{"0":{"name":"getRateLimitKey","decl":{"start":{"line":8,"column":16},"end":{"line":8,"column":31}},"loc":{"start":{"line":8,"column":51},"end":{"line":12,"column":1}}},"1":{"name":"checkRateLimit","decl":{"start":{"line":14,"column":16},"end":{"line":14,"column":30}},"loc":{"start":{"line":14,"column":42},"end":{"line":29,"column":1}}},"2":{"name":"sanitizeInput","decl":{"start":{"line":32,"column":16},"end":{"line":32,"column":29}},"loc":{"start":{"line":32,"column":43},"end":{"line":38,"column":1}}},"3":{"name":"validateEmail","decl":{"start":{"line":40,"column":16},"end":{"line":40,"column":29}},"loc":{"start":{"line":40,"column":43},"end":{"line":43,"column":1}}},"4":{"name":"setCorsHeaders","decl":{"start":{"line":46,"column":16},"end":{"line":46,"column":30}},"loc":{"start":{"line":46,"column":115},"end":{"line":56,"column":1}}},"5":{"name":"setSecurityHeaders","decl":{"start":{"line":59,"column":16},"end":{"line":59,"column":34}},"loc":{"start":{"line":59,"column":55},"end":{"line":73,"column":1}}},"6":{"name":"validateRequestSize","decl":{"start":{"line":76,"column":16},"end":{"line":76,"column":35}},"loc":{"start":{"line":76,"column":55},"end":{"line":80,"column":1}}}},"branchMap":{"0":{"loc":{"start":{"line":9,"column":9},"end":{"line":11,"column":18}},"type":"binary-expr","locations":[{"start":{"line":9,"column":9},"end":{"line":9,"column":65}},{"start":{"line":10,"column":9},"end":{"line":10,"column":33}},{"start":{"line":11,"column":9},"end":{"line":11,"column":18}}]},"1":{"loc":{"start":{"line":9,"column":9},"end":{"line":9,"column":65}},"type":"cond-expr","locations":[{"start":{"line":9,"column":39},"end":{"line":9,"column":41}},{"start":{"line":9,"column":39},"end":{"line":9,"column":65}}]},"2":{"loc":{"start":{"line":9,"column":9},"end":{"line":9,"column":41}},"type":"binary-expr","locations":[{"start":{"line":9,"column":9},"end":{"line":9,"column":41}},{"start":{"line":9,"column":39},"end":{"line":9,"column":41}}]},"3":{"loc":{"start":{"line":18,"column":2},"end":{"line":21,"column":3}},"type":"if","locations":[{"start":{"line":18,"column":2},"end":{"line":21,"column":3}}]},"4":{"loc":{"start":{"line":18,"column":6},"end":{"line":18,"column":43}},"type":"binary-expr","locations":[{"start":{"line":18,"column":6},"end":{"line":18,"column":15}},{"start":{"line":18,"column":19},"end":{"line":18,"column":43}}]},"5":{"loc":{"start":{"line":23,"column":2},"end":{"line":25,"column":3}},"type":"if","locations":[{"start":{"line":23,"column":2},"end":{"line":25,"column":3}}]},"6":{"loc":{"start":{"line":42,"column":9},"end":{"line":42,"column":54}},"type":"binary-expr","locations":[{"start":{"line":42,"column":9},"end":{"line":42,"column":31}},{"start":{"line":42,"column":35},"end":{"line":42,"column":54}}]},"7":{"loc":{"start":{"line":46,"column":53},"end":{"line":46,"column":115}},"type":"default-arg","locations":[{"start":{"line":46,"column":80},"end":{"line":46,"column":115}}]},"8":{"loc":{"start":{"line":47,"column":17},"end":{"line":47,"column":86}},"type":"binary-expr","locations":[{"start":{"line":47,"column":17},"end":{"line":47,"column":49}},{"start":{"line":47,"column":53},"end":{"line":47,"column":86}}]},"9":{"loc":{"start":{"line":77,"column":33},"end":{"line":77,"column":69}},"type":"binary-expr","locations":[{"start":{"line":77,"column":33},"end":{"line":77,"column":62}},{"start":{"line":77,"column":66},"end":{"line":77,"column":69}}]}},"s":{"0":1,"1":1,"2":1,"3":1,"4":1,"5":1,"6":1,"7":1,"8":1,"9":1,"10":0,"11":91,"12":91,"13":91,"14":4,"15":4,"16":87,"17":1,"18":86,"19":86,"20":4,"21":6,"22":6,"23":0,"24":0,"25":0,"26":0,"27":0,"28":0,"29":0,"30":0,"31":0,"32":0,"33":0,"34":0,"35":0},"f":{"0":0,"1":91,"2":4,"3":6,"4":0,"5":0,"6":0},"b":{"0":[0,0,0],"1":[0,0],"2":[0,0],"3":[4],"4":[91,88],"5":[1],"6":[6,3],"7":[0],"8":[0,0],"9":[0,0]}}
,"/Users/nirajshrivastava/Documents/anchor-studio/pages/api/chat.ts": {"path":"/Users/nirajshrivastava/Documents/anchor-studio/pages/api/chat.ts","statementMap":{"0":{"start":{"line":13,"column":0},"end":{"line":13,"column":15}},"1":{"start":{"line":2,"column":0},"end":{"line":2,"column":39}},"2":{"start":{"line":4,"column":0},"end":{"line":4,"column":null}},"3":{"start":{"line":18,"column":2},"end":{"line":18,"column":26}},"4":{"start":{"line":19,"column":2},"end":{"line":19,"column":22}},"5":{"start":{"line":22,"column":2},"end":{"line":24,"column":3}},"6":{"start":{"line":23,"column":4},"end":{"line":23,"column":76}},"7":{"start":{"line":27,"column":2},"end":{"line":29,"column":3}},"8":{"start":{"line":28,"column":4},"end":{"line":28,"column":83}},"9":{"start":{"line":32,"column":20},"end":{"line":32,"column":40}},"10":{"start":{"line":33,"column":2},"end":{"line":36,"column":3}},"11":{"start":{"line":34,"column":4},"end":{"line":34,"column":39}},"12":{"start":{"line":35,"column":4},"end":{"line":35,"column":100}},"13":{"start":{"line":39,"column":2},"end":{"line":42,"column":3}},"14":{"start":{"line":40,"column":4},"end":{"line":40,"column":50}},"15":{"start":{"line":41,"column":4},"end":{"line":41,"column":84}},"16":{"start":{"line":44,"column":23},"end":{"line":44,"column":46}},"17":{"start":{"line":47,"column":2},"end":{"line":49,"column":3}},"18":{"start":{"line":48,"column":4},"end":{"line":48,"column":80}},"19":{"start":{"line":52,"column":24},"end":{"line":59,"column":15}},"20":{"start":{"line":53,"column":17},"end":{"line":53,"column":60}},"21":{"start":{"line":54,"column":17},"end":{"line":54,"column":77}},"22":{"start":{"line":55,"column":14},"end":{"line":57,"column":null}},"23":{"start":{"line":61,"column":2},"end":{"line":73,"column":3}},"24":{"start":{"line":62,"column":18},"end":{"line":62,"column":43}},"25":{"start":{"line":63,"column":4},"end":{"line":63,"column":43}},"26":{"start":{"line":65,"column":20},"end":{"line":65,"column":76}},"27":{"start":{"line":66,"column":4},"end":{"line":66,"column":48}},"28":{"start":{"line":69,"column":4},"end":{"line":72,"column":7}}},"fnMap":{"0":{"name":"handler","decl":{"start":{"line":13,"column":30},"end":{"line":13,"column":37}},"loc":{"start":{"line":15,"column":36},"end":{"line":74,"column":1}}},"1":{"name":"(anonymous_1)","decl":{"start":{"line":53,"column":12},"end":{"line":53,"column":13}},"loc":{"start":{"line":53,"column":17},"end":{"line":53,"column":60}}},"2":{"name":"(anonymous_2)","decl":{"start":{"line":54,"column":12},"end":{"line":54,"column":13}},"loc":{"start":{"line":54,"column":17},"end":{"line":54,"column":77}}},"3":{"name":"(anonymous_3)","decl":{"start":{"line":55,"column":9},"end":{"line":55,"column":10}},"loc":{"start":{"line":55,"column":14},"end":{"line":57,"column":null}}}},"branchMap":{"0":{"loc":{"start":{"line":22,"column":2},"end":{"line":24,"column":3}},"type":"if","locations":[{"start":{"line":22,"column":2},"end":{"line":24,"column":3}}]},"1":{"loc":{"start":{"line":27,"column":2},"end":{"line":29,"column":3}},"type":"if","locations":[{"start":{"line":27,"column":2},"end":{"line":29,"column":3}}]},"2":{"loc":{"start":{"line":33,"column":2},"end":{"line":36,"column":3}},"type":"if","locations":[{"start":{"line":33,"column":2},"end":{"line":36,"column":3}}]},"3":{"loc":{"start":{"line":39,"column":2},"end":{"line":42,"column":3}},"type":"if","locations":[{"start":{"line":39,"column":2},"end":{"line":42,"column":3}}]},"4":{"loc":{"start":{"line":47,"column":2},"end":{"line":49,"column":3}},"type":"if","locations":[{"start":{"line":47,"column":2},"end":{"line":49,"column":3}}]},"5":{"loc":{"start":{"line":47,"column":6},"end":{"line":47,"column":68}},"type":"binary-expr","locations":[{"start":{"line":47,"column":6},"end":{"line":47,"column":15}},{"start":{"line":47,"column":19},"end":{"line":47,"column":43}},{"start":{"line":47,"column":47},"end":{"line":47,"column":68}}]},"6":{"loc":{"start":{"line":53,"column":17},"end":{"line":53,"column":60}},"type":"binary-expr","locations":[{"start":{"line":53,"column":17},"end":{"line":53,"column":34}},{"start":{"line":53,"column":38},"end":{"line":53,"column":60}}]},"7":{"loc":{"start":{"line":54,"column":17},"end":{"line":54,"column":77}},"type":"binary-expr","locations":[{"start":{"line":54,"column":17},"end":{"line":54,"column":46}},{"start":{"line":54,"column":50},"end":{"line":54,"column":77}}]},"8":{"loc":{"start":{"line":65,"column":20},"end":{"line":65,"column":76}},"type":"cond-expr","locations":[{"start":{"line":65,"column":45},"end":{"line":65,"column":58}},{"start":{"line":65,"column":61},"end":{"line":65,"column":76}}]}},"s":{"0":1,"1":1,"2":1,"3":6,"4":6,"5":6,"6":1,"7":5,"8":1,"9":4,"10":4,"11":1,"12":1,"13":3,"14":1,"15":1,"16":2,"17":2,"18":1,"19":1,"20":1,"21":1,"22":1,"23":1,"24":1,"25":1,"26":0,"27":0,"28":0},"f":{"0":6,"1":1,"2":1,"3":1},"b":{"0":[1],"1":[1],"2":[1],"3":[1],"4":[1],"5":[2,2,2],"6":[1,0],"7":[1,1],"8":[0,0]}}
,"/Users/nirajshrivastava/Documents/anchor-studio/pages/api/generate.ts": {"path":"/Users/nirajshrivastava/Documents/anchor-studio/pages/api/generate.ts","statementMap":{"0":{"start":{"line":22,"column":0},"end":{"line":22,"column":15}},"1":{"start":{"line":2,"column":0},"end":{"line":2,"column":null}},"2":{"start":{"line":10,"column":0},"end":{"line":10,"column":null}},"3":{"start":{"line":20,"column":25},"end":{"line":20,"column":53}},"4":{"start":{"line":27,"column":2},"end":{"line":27,"column":26}},"5":{"start":{"line":28,"column":2},"end":{"line":28,"column":22}},"6":{"start":{"line":30,"column":2},"end":{"line":32,"column":3}},"7":{"start":{"line":31,"column":4},"end":{"line":31,"column":98}},"8":{"start":{"line":35,"column":2},"end":{"line":37,"column":3}},"9":{"start":{"line":36,"column":4},"end":{"line":36,"column":105}},"10":{"start":{"line":40,"column":20},"end":{"line":40,"column":40}},"11":{"start":{"line":41,"column":2},"end":{"line":44,"column":3}},"12":{"start":{"line":42,"column":4},"end":{"line":42,"column":39}},"13":{"start":{"line":43,"column":4},"end":{"line":43,"column":122}},"14":{"start":{"line":47,"column":21},"end":{"line":47,"column":49}},"15":{"start":{"line":48,"column":22},"end":{"line":48,"column":56}},"16":{"start":{"line":49,"column":2},"end":{"line":51,"column":3}},"17":{"start":{"line":50,"column":4},"end":{"line":50,"column":92}},"18":{"start":{"line":53,"column":2},"end":{"line":55,"column":3}},"19":{"start":{"line":54,"column":4},"end":{"line":54,"column":106}},"20":{"start":{"line":57,"column":31},"end":{"line":57,"column":58}},"21":{"start":{"line":59,"column":2},"end":{"line":61,"column":3}},"22":{"start":{"line":60,"column":4},"end":{"line":60,"column":100}},"23":{"start":{"line":64,"column":24},"end":{"line":64,"column":43}},"24":{"start":{"line":66,"column":2},"end":{"line":115,"column":3}},"25":{"start":{"line":67,"column":18},"end":{"line":67,"column":20}},"26":{"start":{"line":69,"column":4},"end":{"line":108,"column":5}},"27":{"start":{"line":71,"column":8},"end":{"line":76,"column":11}},"28":{"start":{"line":74,"column":56},"end":{"line":74,"column":72}},"29":{"start":{"line":77,"column":8},"end":{"line":77,"column":14}},"30":{"start":{"line":80,"column":8},"end":{"line":80,"column":86}},"31":{"start":{"line":81,"column":8},"end":{"line":81,"column":14}},"32":{"start":{"line":84,"column":8},"end":{"line":88,"column":10}},"33":{"start":{"line":89,"column":8},"end":{"line":89,"column":14}},"34":{"start":{"line":92,"column":8},"end":{"line":95,"column":10}},"35":{"start":{"line":96,"column":8},"end":{"line":96,"column":14}},"36":{"start":{"line":99,"column":8},"end":{"line":103,"column":10}},"37":{"start":{"line":104,"column":8},"end":{"line":104,"column":14}},"38":{"start":{"line":107,"column":8},"end":{"line":107,"column":99}},"39":{"start":{"line":110,"column":4},"end":{"line":110,"column":51}},"40":{"start":{"line":112,"column":20},"end":{"line":112,"column":76}},"41":{"start":{"line":113,"column":4},"end":{"line":113,"column":56}},"42":{"start":{"line":114,"column":4},"end":{"line":114,"column":71}}},"fnMap":{"0":{"name":"handler","decl":{"start":{"line":22,"column":30},"end":{"line":22,"column":37}},"loc":{"start":{"line":24,"column":40},"end":{"line":116,"column":1}}},"1":{"name":"(anonymous_1)","decl":{"start":{"line":74,"column":51},"end":{"line":74,"column":52}},"loc":{"start":{"line":74,"column":56},"end":{"line":74,"column":72}}}},"branchMap":{"0":{"loc":{"start":{"line":30,"column":2},"end":{"line":32,"column":3}},"type":"if","locations":[{"start":{"line":30,"column":2},"end":{"line":32,"column":3}}]},"1":{"loc":{"start":{"line":35,"column":2},"end":{"line":37,"column":3}},"type":"if","locations":[{"start":{"line":35,"column":2},"end":{"line":37,"column":3}}]},"2":{"loc":{"start":{"line":41,"column":2},"end":{"line":44,"column":3}},"type":"if","locations":[{"start":{"line":41,"column":2},"end":{"line":44,"column":3}}]},"3":{"loc":{"start":{"line":48,"column":22},"end":{"line":48,"column":56}},"type":"cond-expr","locations":[{"start":{"line":48,"column":32},"end":{"line":48,"column":34}},{"start":{"line":48,"column":22},"end":{"line":48,"column":56}}]},"4":{"loc":{"start":{"line":48,"column":22},"end":{"line":48,"column":34}},"type":"binary-expr","locations":[{"start":{"line":48,"column":22},"end":{"line":48,"column":34}},{"start":{"line":48,"column":22},"end":{"line":48,"column":34}}]},"5":{"loc":{"start":{"line":49,"column":2},"end":{"line":51,"column":3}},"type":"if","locations":[{"start":{"line":49,"column":2},"end":{"line":51,"column":3}}]},"6":{"loc":{"start":{"line":49,"column":6},"end":{"line":49,"column":58}},"type":"binary-expr","locations":[{"start":{"line":49,"column":6},"end":{"line":49,"column":22}},{"start":{"line":49,"column":26},"end":{"line":49,"column":58}}]},"7":{"loc":{"start":{"line":53,"column":2},"end":{"line":55,"column":3}},"type":"if","locations":[{"start":{"line":53,"column":2},"end":{"line":55,"column":3}}]},"8":{"loc":{"start":{"line":59,"column":2},"end":{"line":61,"column":3}},"type":"if","locations":[{"start":{"line":59,"column":2},"end":{"line":61,"column":3}}]},"9":{"loc":{"start":{"line":59,"column":6},"end":{"line":59,"column":20}},"type":"binary-expr","locations":[{"start":{"line":59,"column":6},"end":{"line":59,"column":11}},{"start":{"line":59,"column":15},"end":{"line":59,"column":20}}]},"10":{"loc":{"start":{"line":69,"column":4},"end":{"line":108,"column":5}},"type":"switch","locations":[{"start":{"line":70,"column":6},"end":{"line":77,"column":14}},{"start":{"line":79,"column":6},"end":{"line":81,"column":14}},{"start":{"line":83,"column":6},"end":{"line":89,"column":14}},{"start":{"line":91,"column":6},"end":{"line":96,"column":14}},{"start":{"line":98,"column":6},"end":{"line":104,"column":14}},{"start":{"line":106,"column":6},"end":{"line":107,"column":99}}]},"11":{"loc":{"start":{"line":73,"column":22},"end":{"line":73,"column":54}},"type":"cond-expr","locations":[{"start":{"line":73,"column":49},"end":{"line":73,"column":53}},{"start":{"line":73,"column":53},"end":{"line":73,"column":54}}]},"12":{"loc":{"start":{"line":73,"column":22},"end":{"line":73,"column":53}},"type":"binary-expr","locations":[{"start":{"line":73,"column":22},"end":{"line":73,"column":53}},{"start":{"line":73,"column":49},"end":{"line":73,"column":53}}]},"13":{"loc":{"start":{"line":74,"column":19},"end":{"line":74,"column":79}},"type":"cond-expr","locations":[{"start":{"line":74,"column":73},"end":{"line":74,"column":77}},{"start":{"line":74,"column":77},"end":{"line":74,"column":79}}]},"14":{"loc":{"start":{"line":74,"column":19},"end":{"line":74,"column":77}},"type":"binary-expr","locations":[{"start":{"line":74,"column":19},"end":{"line":74,"column":77}},{"start":{"line":74,"column":73},"end":{"line":74,"column":77}}]},"15":{"loc":{"start":{"line":74,"column":19},"end":{"line":74,"column":73}},"type":"cond-expr","locations":[{"start":{"line":74,"column":45},"end":{"line":74,"column":47}},{"start":{"line":74,"column":45},"end":{"line":74,"column":73}}]},"16":{"loc":{"start":{"line":74,"column":19},"end":{"line":74,"column":47}},"type":"binary-expr","locations":[{"start":{"line":74,"column":19},"end":{"line":74,"column":47}},{"start":{"line":74,"column":45},"end":{"line":74,"column":47}}]},"17":{"loc":{"start":{"line":75,"column":25},"end":{"line":75,"column":112}},"type":"cond-expr","locations":[{"start":{"line":75,"column":106},"end":{"line":75,"column":110}},{"start":{"line":75,"column":110},"end":{"line":75,"column":112}}]},"18":{"loc":{"start":{"line":75,"column":25},"end":{"line":75,"column":110}},"type":"binary-expr","locations":[{"start":{"line":75,"column":25},"end":{"line":75,"column":110}},{"start":{"line":75,"column":106},"end":{"line":75,"column":110}}]},"19":{"loc":{"start":{"line":86,"column":10},"end":{"line":86,"column":77}},"type":"cond-expr","locations":[{"start":{"line":86,"column":71},"end":{"line":86,"column":75}},{"start":{"line":86,"column":75},"end":{"line":86,"column":77}}]},"20":{"loc":{"start":{"line":86,"column":10},"end":{"line":86,"column":75}},"type":"binary-expr","locations":[{"start":{"line":86,"column":10},"end":{"line":86,"column":75}},{"start":{"line":86,"column":71},"end":{"line":86,"column":75}}]},"21":{"loc":{"start":{"line":87,"column":24},"end":{"line":87,"column":53}},"type":"cond-expr","locations":[{"start":{"line":87,"column":47},"end":{"line":87,"column":51}},{"start":{"line":87,"column":51},"end":{"line":87,"column":53}}]},"22":{"loc":{"start":{"line":87,"column":24},"end":{"line":87,"column":51}},"type":"binary-expr","locations":[{"start":{"line":87,"column":24},"end":{"line":87,"column":51}},{"start":{"line":87,"column":47},"end":{"line":87,"column":51}}]},"23":{"loc":{"start":{"line":112,"column":20},"end":{"line":112,"column":76}},"type":"cond-expr","locations":[{"start":{"line":112,"column":45},"end":{"line":112,"column":58}},{"start":{"line":112,"column":61},"end":{"line":112,"column":76}}]}},"s":{"0":0,"1":0,"2":0,"3":0,"4":0,"5":0,"6":0,"7":0,"8":0,"9":0,"10":0,"11":0,"12":0,"13":0,"14":0,"15":0,"16":0,"17":0,"18":0,"19":0,"20":0,"21":0,"22":0,"23":0,"24":0,"25":0,"26":0,"27":0,"28":0,"29":0,"30":0,"31":0,"32":0,"33":0,"34":0,"35":0,"36":0,"37":0,"38":0,"39":0,"40":0,"41":0,"42":0},"f":{"0":0,"1":0},"b":{"0":[0],"1":[0],"2":[0],"3":[0,0],"4":[0,0],"5":[0],"6":[0,0],"7":[0],"8":[0],"9":[0,0],"10":[0,0,0,0,0,0],"11":[0,0],"12":[0,0],"13":[0,0],"14":[0,0],"15":[0,0],"16":[0,0],"17":[0,0],"18":[0,0],"19":[0,0],"20":[0,0],"21":[0,0],"22":[0,0],"23":[0,0]}}
}
