TN:
SF:components/ChatBot.tsx
FN:25,getDemoResponse
FN:33,ChatBot
FN:45,(anonymous_2)
FN:46,(anonymous_3)
FN:47,(anonymous_4)
FN:50,(anonymous_5)
FN:55,(anonymous_6)
FN:56,(anonymous_7)
FN:62,(anonymous_8)
FN:65,(anonymous_9)
FN:66,(anonymous_10)
FN:68,(anonymous_11)
FN:71,(anonymous_12)
FN:98,(anonymous_13)
FN:104,(anonymous_14)
FN:105,(anonymous_15)
FN:112,(anonymous_16)
FN:160,(anonymous_17)
FN:163,(anonymous_18)
FN:183,(anonymous_19)
FN:200,(anonymous_20)
FN:214,(anonymous_21)
FN:223,(anonymous_22)
FNF:23
FNH:0
FNDA:0,getDemoResponse
FNDA:0,ChatBot
FNDA:0,(anonymous_2)
FNDA:0,(anonymous_3)
FNDA:0,(anonymous_4)
FNDA:0,(anonymous_5)
FNDA:0,(anonymous_6)
FNDA:0,(anonymous_7)
FNDA:0,(anonymous_8)
FNDA:0,(anonymous_9)
FNDA:0,(anonymous_10)
FNDA:0,(anonymous_11)
FNDA:0,(anonymous_12)
FNDA:0,(anonymous_13)
FNDA:0,(anonymous_14)
FNDA:0,(anonymous_15)
FNDA:0,(anonymous_16)
FNDA:0,(anonymous_17)
FNDA:0,(anonymous_18)
FNDA:0,(anonymous_19)
FNDA:0,(anonymous_20)
FNDA:0,(anonymous_21)
FNDA:0,(anonymous_22)
DA:3,0
DA:6,0
DA:13,0
DA:26,0
DA:27,0
DA:28,0
DA:30,0
DA:33,0
DA:34,0
DA:35,0
DA:36,0
DA:37,0
DA:38,0
DA:39,0
DA:40,0
DA:41,0
DA:42,0
DA:43,0
DA:45,0
DA:46,0
DA:47,0
DA:50,0
DA:51,0
DA:55,0
DA:56,0
DA:57,0
DA:58,0
DA:61,0
DA:62,0
DA:65,0
DA:66,0
DA:67,0
DA:68,0
DA:71,0
DA:72,0
DA:73,0
DA:74,0
DA:75,0
DA:76,0
DA:77,0
DA:78,0
DA:79,0
DA:81,0
DA:82,0
DA:89,0
DA:90,0
DA:93,0
DA:94,0
DA:95,0
DA:97,0
DA:98,0
DA:100,0
DA:101,0
DA:104,0
DA:105,0
DA:106,0
DA:108,0
DA:112,0
DA:113,0
DA:114,0
DA:115,0
DA:119,0
DA:161,0
DA:163,0
DA:184,0
DA:201,0
DA:214,0
DA:223,0
LF:68
LH:0
BRDA:28,0,0,0
BRDA:46,1,0,0
BRDA:51,2,0,0
BRDA:51,2,1,0
BRDA:51,3,0,0
BRDA:51,3,1,0
BRDA:57,4,0,0
BRDA:57,5,0,0
BRDA:57,5,1,0
BRDA:68,6,0,0
BRDA:68,7,0,0
BRDA:68,7,1,0
BRDA:68,8,0,0
BRDA:68,8,1,0
BRDA:72,9,0,0
BRDA:72,10,0,0
BRDA:72,10,1,0
BRDA:89,11,0,0
BRDA:94,12,0,0
BRDA:94,13,0,0
BRDA:94,13,1,0
BRDA:97,14,0,0
BRDA:97,14,1,0
BRDA:97,15,0,0
BRDA:97,15,1,0
BRDA:100,16,0,0
BRDA:100,16,1,0
BRDA:113,17,0,0
BRDA:113,18,0,0
BRDA:113,18,1,0
BRDA:124,19,0,0
BRDA:124,19,1,0
BRDA:150,20,0,0
BRDA:150,20,1,0
BRDA:158,21,0,0
BRDA:158,21,1,0
BRDA:175,22,0,0
BRDA:175,22,1,0
BRDA:184,23,0,0
BRDA:184,23,1,0
BRDA:186,24,0,0
BRDA:186,24,1,0
BRDA:189,25,0,0
BRDA:189,25,1,0
BRDA:191,26,0,0
BRDA:191,26,1,0
BRDA:196,27,0,0
BRDA:196,27,1,0
BRDA:224,28,0,0
BRDA:224,28,1,0
BRDA:243,29,0,0
BRDA:243,29,1,0
BRDA:248,30,0,0
BRDA:248,30,1,0
BRDA:248,30,2,0
BRF:55
BRH:0
end_of_record
TN:
SF:components/ErrorBoundary.tsx
FN:15,(anonymous_1)
FN:20,(anonymous_2)
FN:24,(anonymous_3)
FN:29,(anonymous_4)
FNF:4
FNH:4
FNDA:6,(anonymous_1)
FNDA:4,(anonymous_2)
FNDA:2,(anonymous_3)
FNDA:9,(anonymous_4)
DA:3,1
DA:14,1
DA:16,6
DA:17,5
DA:21,4
DA:25,2
DA:30,9
DA:31,4
DA:47,5
LF:9
LH:9
BRDA:30,0,0,4
BRDA:40,1,0,0
BRDA:40,1,1,4
BRDA:40,2,0,4
BRDA:40,2,1,4
BRF:5
BRH:4
end_of_record
TN:
SF:components/Footer.tsx
FN:4,Footer
FN:16,(anonymous_2)
FNF:2
FNH:0
FNDA:0,Footer
FNDA:0,(anonymous_2)
DA:1,0
DA:2,0
DA:4,0
DA:5,0
DA:17,0
LF:5
LH:0
BRF:0
BRH:0
end_of_record
TN:
SF:components/FounderStrip.tsx
FN:3,FounderStrip
FN:21,(anonymous_1)
FNF:2
FNH:0
FNDA:0,FounderStrip
FNDA:0,(anonymous_1)
DA:1,0
DA:3,0
DA:4,0
DA:22,0
LF:4
LH:0
BRF:0
BRH:0
end_of_record
TN:
SF:components/Nav.tsx
FN:4,Nav
FNF:1
FNH:0
FNDA:0,Nav
DA:1,0
DA:2,0
DA:4,0
DA:5,0
LF:4
LH:0
BRF:0
BRH:0
end_of_record
TN:
SF:lib/anthropic.ts
FN:43,chat
FN:64,generateContent
FNF:2
FNH:0
FNDA:0,chat
FNDA:0,generateContent
DA:1,0
DA:5,0
DA:10,0
DA:18,0
DA:43,0
DA:49,0
DA:56,0
DA:57,0
DA:58,0
DA:60,0
DA:64,0
DA:69,0
DA:76,0
DA:77,0
DA:78,0
DA:80,0
LF:16
LH:0
BRDA:45,0,0,0
BRDA:46,1,0,0
BRDA:47,2,0,0
BRDA:57,3,0,0
BRDA:67,4,0,0
BRDA:77,5,0,0
BRF:6
BRH:0
end_of_record
TN:
SF:lib/chess-hub.ts
FN:35,generateNewsletter
FN:46,(anonymous_1)
FN:55,annotateGame
FN:73,generateTournamentRecap
FN:78,(anonymous_4)
FN:90,(anonymous_5)
FN:91,(anonymous_6)
FN:97,(anonymous_7)
FN:106,generateSocialPost
FN:122,generateLesson
FNF:10
FNH:0
FNDA:0,generateNewsletter
FNDA:0,(anonymous_1)
FNDA:0,annotateGame
FNDA:0,generateTournamentRecap
FNDA:0,(anonymous_4)
FNDA:0,(anonymous_5)
FNDA:0,(anonymous_6)
FNDA:0,(anonymous_7)
FNDA:0,generateSocialPost
FNDA:0,generateLesson
DA:1,0
DA:5,0
DA:35,0
DA:38,0
DA:46,0
DA:51,0
DA:55,0
DA:56,0
DA:69,0
DA:73,0
DA:78,0
DA:79,0
DA:80,0
DA:81,0
DA:84,0
DA:90,0
DA:91,0
DA:97,0
DA:102,0
DA:106,0
DA:110,0
DA:118,0
DA:122,0
DA:127,0
DA:136,0
LF:25
LH:0
BRDA:46,0,0,0
BRDA:46,0,1,0
BRDA:46,1,0,0
BRDA:46,1,1,0
BRDA:62,2,0,0
BRDA:62,2,1,0
BRDA:79,3,0,0
BRDA:79,4,0,0
BRDA:79,4,1,0
BRDA:79,5,0,0
BRDA:79,5,1,0
BRDA:80,6,0,0
BRDA:80,7,0,0
BRDA:80,7,1,0
BRDA:80,8,0,0
BRDA:80,8,1,0
BRDA:113,9,0,0
BRDA:113,9,1,0
BRDA:130,10,0,0
BRDA:130,10,1,0
BRDA:130,11,0,0
BRDA:130,11,1,0
BRF:22
BRH:0
end_of_record
TN:
SF:lib/config.ts
FNF:0
FNH:0
DA:3,0
DA:12,0
DA:26,0
DA:35,0
DA:71,0
DA:80,0
DA:87,0
LF:7
LH:0
BRDA:9,0,0,0
BRDA:9,0,1,0
BRDA:9,1,0,0
BRDA:9,1,1,0
BRF:4
BRH:0
end_of_record
TN:
SF:lib/security.ts
FN:8,getRateLimitKey
FN:14,checkRateLimit
FN:32,sanitizeInput
FN:40,validateEmail
FN:46,setCorsHeaders
FN:59,setSecurityHeaders
FN:76,validateRequestSize
FNF:7
FNH:3
FNDA:0,getRateLimitKey
FNDA:91,checkRateLimit
FNDA:4,sanitizeInput
FNDA:6,validateEmail
FNDA:0,setCorsHeaders
FNDA:0,setSecurityHeaders
FNDA:0,validateRequestSize
DA:4,1
DA:5,1
DA:6,1
DA:8,1
DA:9,0
DA:14,1
DA:15,91
DA:16,91
DA:18,91
DA:19,4
DA:20,4
DA:23,87
DA:24,1
DA:27,86
DA:28,86
DA:32,1
DA:34,4
DA:40,1
DA:41,6
DA:42,6
DA:46,1
DA:47,0
DA:49,0
DA:50,0
DA:51,0
DA:52,0
DA:59,1
DA:61,0
DA:63,0
DA:65,0
DA:67,0
DA:72,0
DA:76,1
DA:77,0
DA:78,0
DA:79,0
LF:36
LH:22
BRDA:9,0,0,0
BRDA:9,0,1,0
BRDA:9,0,2,0
BRDA:9,1,0,0
BRDA:9,1,1,0
BRDA:9,2,0,0
BRDA:9,2,1,0
BRDA:18,3,0,4
BRDA:18,4,0,91
BRDA:18,4,1,88
BRDA:23,5,0,1
BRDA:42,6,0,6
BRDA:42,6,1,3
BRDA:46,7,0,0
BRDA:47,8,0,0
BRDA:47,8,1,0
BRDA:77,9,0,0
BRDA:77,9,1,0
BRF:18
BRH:6
end_of_record
TN:
SF:pages/api/chat.ts
FN:13,handler
FN:53,(anonymous_1)
FN:54,(anonymous_2)
FN:55,(anonymous_3)
FNF:4
FNH:4
FNDA:6,handler
FNDA:1,(anonymous_1)
FNDA:1,(anonymous_2)
FNDA:1,(anonymous_3)
DA:2,1
DA:4,1
DA:13,1
DA:18,6
DA:19,6
DA:22,6
DA:23,1
DA:27,5
DA:28,1
DA:32,4
DA:33,4
DA:34,1
DA:35,1
DA:39,3
DA:40,1
DA:41,1
DA:44,2
DA:47,2
DA:48,1
DA:52,1
DA:53,1
DA:54,1
DA:55,1
DA:61,1
DA:62,1
DA:63,1
DA:65,0
DA:66,0
DA:69,0
LF:29
LH:26
BRDA:22,0,0,1
BRDA:27,1,0,1
BRDA:33,2,0,1
BRDA:39,3,0,1
BRDA:47,4,0,1
BRDA:47,5,0,2
BRDA:47,5,1,2
BRDA:47,5,2,2
BRDA:53,6,0,1
BRDA:53,6,1,0
BRDA:54,7,0,1
BRDA:54,7,1,1
BRDA:65,8,0,0
BRDA:65,8,1,0
BRF:14
BRH:11
end_of_record
TN:
SF:pages/api/generate.ts
FN:22,handler
FN:74,(anonymous_1)
FNF:2
FNH:0
FNDA:0,handler
FNDA:0,(anonymous_1)
DA:2,0
DA:10,0
DA:20,0
DA:22,0
DA:27,0
DA:28,0
DA:30,0
DA:31,0
DA:35,0
DA:36,0
DA:40,0
DA:41,0
DA:42,0
DA:43,0
DA:47,0
DA:48,0
DA:49,0
DA:50,0
DA:53,0
DA:54,0
DA:57,0
DA:59,0
DA:60,0
DA:64,0
DA:66,0
DA:67,0
DA:69,0
DA:71,0
DA:74,0
DA:77,0
DA:80,0
DA:81,0
DA:84,0
DA:89,0
DA:92,0
DA:96,0
DA:99,0
DA:104,0
DA:107,0
DA:110,0
DA:112,0
DA:113,0
DA:114,0
LF:43
LH:0
BRDA:30,0,0,0
BRDA:35,1,0,0
BRDA:41,2,0,0
BRDA:48,3,0,0
BRDA:48,3,1,0
BRDA:48,4,0,0
BRDA:48,4,1,0
BRDA:49,5,0,0
BRDA:49,6,0,0
BRDA:49,6,1,0
BRDA:53,7,0,0
BRDA:59,8,0,0
BRDA:59,9,0,0
BRDA:59,9,1,0
BRDA:69,10,0,0
BRDA:69,10,1,0
BRDA:69,10,2,0
BRDA:69,10,3,0
BRDA:69,10,4,0
BRDA:69,10,5,0
BRDA:73,11,0,0
BRDA:73,11,1,0
BRDA:73,12,0,0
BRDA:73,12,1,0
BRDA:74,13,0,0
BRDA:74,13,1,0
BRDA:74,14,0,0
BRDA:74,14,1,0
BRDA:74,15,0,0
BRDA:74,15,1,0
BRDA:74,16,0,0
BRDA:74,16,1,0
BRDA:75,17,0,0
BRDA:75,17,1,0
BRDA:75,18,0,0
BRDA:75,18,1,0
BRDA:86,19,0,0
BRDA:86,19,1,0
BRDA:86,20,0,0
BRDA:86,20,1,0
BRDA:87,21,0,0
BRDA:87,21,1,0
BRDA:87,22,0,0
BRDA:87,22,1,0
BRDA:112,23,0,0
BRDA:112,23,1,0
BRF:46
BRH:0
end_of_record
